Determining if the pthread_create exist failed with the following output:
Change Dir: /home/rowan/Documents/cppopdracht/CMakeFiles/CMakeTmp

Run Build Command:"/usr/bin/make" "cmTC_31d78/fast"
/usr/bin/make -f CMakeFiles/cmTC_31d78.dir/build.make CMakeFiles/cmTC_31d78.dir/build
make[1]: Entering directory '/home/rowan/Documents/cppopdracht/CMakeFiles/CMakeTmp'
Building C object CMakeFiles/cmTC_31d78.dir/CheckSymbolExists.c.o
/usr/bin/cc    -o CMakeFiles/cmTC_31d78.dir/CheckSymbolExists.c.o   -c /home/rowan/Documents/cppopdracht/CMakeFiles/CMakeTmp/CheckSymbolExists.c
Linking C executable cmTC_31d78
/usr/local/bin/cmake -E cmake_link_script CMakeFiles/cmTC_31d78.dir/link.txt --verbose=1
/usr/bin/cc      -rdynamic CMakeFiles/cmTC_31d78.dir/CheckSymbolExists.c.o  -o cmTC_31d78 
CMakeFiles/cmTC_31d78.dir/CheckSymbolExists.c.o: In function `main':
CheckSymbolExists.c:(.text+0x1b): undefined reference to `pthread_create'
collect2: error: ld returned 1 exit status
CMakeFiles/cmTC_31d78.dir/build.make:86: recipe for target 'cmTC_31d78' failed
make[1]: *** [cmTC_31d78] Error 1
make[1]: Leaving directory '/home/rowan/Documents/cppopdracht/CMakeFiles/CMakeTmp'
Makefile:121: recipe for target 'cmTC_31d78/fast' failed
make: *** [cmTC_31d78/fast] Error 2

File /home/rowan/Documents/cppopdracht/CMakeFiles/CMakeTmp/CheckSymbolExists.c:
/* */
#include <pthread.h>

int main(int argc, char** argv)
{
  (void)argv;
#ifndef pthread_create
  return ((int*)(&pthread_create))[argc];
#else
  (void)argc;
  return 0;
#endif
}

Determining if the function pthread_create exists in the pthreads failed with the following output:
Change Dir: /home/rowan/Documents/cppopdracht/CMakeFiles/CMakeTmp

Run Build Command:"/usr/bin/make" "cmTC_63f05/fast"
/usr/bin/make -f CMakeFiles/cmTC_63f05.dir/build.make CMakeFiles/cmTC_63f05.dir/build
make[1]: Entering directory '/home/rowan/Documents/cppopdracht/CMakeFiles/CMakeTmp'
Building C object CMakeFiles/cmTC_63f05.dir/CheckFunctionExists.c.o
/usr/bin/cc   -DCHECK_FUNCTION_EXISTS=pthread_create   -o CMakeFiles/cmTC_63f05.dir/CheckFunctionExists.c.o   -c /usr/local/share/cmake-3.12/Modules/CheckFunctionExists.c
Linking C executable cmTC_63f05
/usr/local/bin/cmake -E cmake_link_script CMakeFiles/cmTC_63f05.dir/link.txt --verbose=1
/usr/bin/cc  -DCHECK_FUNCTION_EXISTS=pthread_create    -rdynamic CMakeFiles/cmTC_63f05.dir/CheckFunctionExists.c.o  -o cmTC_63f05 -lpthreads 
/usr/bin/ld: cannot find -lpthreads
collect2: error: ld returned 1 exit status
CMakeFiles/cmTC_63f05.dir/build.make:86: recipe for target 'cmTC_63f05' failed
make[1]: *** [cmTC_63f05] Error 1
make[1]: Leaving directory '/home/rowan/Documents/cppopdracht/CMakeFiles/CMakeTmp'
Makefile:121: recipe for target 'cmTC_63f05/fast' failed
make: *** [cmTC_63f05/fast] Error 2


Determining if files xlocale.h exist failed with the following output:
Change Dir: /home/rowan/Documents/cppopdracht/CMakeFiles/CMakeTmp

Run Build Command:"/usr/bin/make" "cmTC_5a250/fast"
/usr/bin/make -f CMakeFiles/cmTC_5a250.dir/build.make CMakeFiles/cmTC_5a250.dir/build
make[1]: Entering directory '/home/rowan/Documents/cppopdracht/CMakeFiles/CMakeTmp'
Building C object CMakeFiles/cmTC_5a250.dir/HAVE_XLOCALE_H.c.o
/usr/bin/cc    -o CMakeFiles/cmTC_5a250.dir/HAVE_XLOCALE_H.c.o   -c /home/rowan/Documents/cppopdracht/CMakeFiles/CheckIncludeFiles/HAVE_XLOCALE_H.c
/home/rowan/Documents/cppopdracht/CMakeFiles/CheckIncludeFiles/HAVE_XLOCALE_H.c:2:10: fatal error: xlocale.h: No such file or directory
 #include <xlocale.h>
          ^~~~~~~~~~~
compilation terminated.
CMakeFiles/cmTC_5a250.dir/build.make:65: recipe for target 'CMakeFiles/cmTC_5a250.dir/HAVE_XLOCALE_H.c.o' failed
make[1]: *** [CMakeFiles/cmTC_5a250.dir/HAVE_XLOCALE_H.c.o] Error 1
make[1]: Leaving directory '/home/rowan/Documents/cppopdracht/CMakeFiles/CMakeTmp'
Makefile:121: recipe for target 'cmTC_5a250/fast' failed
make: *** [cmTC_5a250/fast] Error 2

Source:
/* */
#include <xlocale.h>


int main(void){return 0;}

